#! /opt/homebrew/Cellar/icarus-verilog/13.0/bin/vvp
:ivl_version "13.0 (stable)" "(v13_0)";
:ivl_delay_selection "TYPICAL";
:vpi_time_precision + 0;
:vpi_module "/opt/homebrew/Cellar/icarus-verilog/13.0/lib/ivl/system.vpi";
:vpi_module "/opt/homebrew/Cellar/icarus-verilog/13.0/lib/ivl/vhdl_sys.vpi";
:vpi_module "/opt/homebrew/Cellar/icarus-verilog/13.0/lib/ivl/vhdl_textio.vpi";
:vpi_module "/opt/homebrew/Cellar/icarus-verilog/13.0/lib/ivl/v2005_math.vpi";
:vpi_module "/opt/homebrew/Cellar/icarus-verilog/13.0/lib/ivl/va_math.vpi";
S_0x100867fa0 .scope module, "BUF" "BUF" 2 1;
 .timescale 0 0;
    .port_info 0 /INPUT 1 "A";
    .port_info 1 /OUTPUT 1 "Y";
o0xb46820010 .functor BUFZ 1, c4<z>; HiZ drive
L_0xb470188c0 .functor BUFZ 1, o0xb46820010, C4<0>, C4<0>, C4<0>;
v0x10086e560_0 .net "A", 0 0, o0xb46820010;  0 drivers
v0x10086e1a0_0 .net "Y", 0 0, L_0xb470188c0;  1 drivers
S_0x100868120 .scope module, "DFF" "DFF" 2 25;
 .timescale 0 0;
    .port_info 0 /INPUT 1 "C";
    .port_info 1 /INPUT 1 "D";
    .port_info 2 /OUTPUT 1 "Q";
o0xb468200d0 .functor BUFZ 1, c4<z>; HiZ drive
v0x10086dd10_0 .net "C", 0 0, o0xb468200d0;  0 drivers
o0xb46820100 .functor BUFZ 1, c4<z>; HiZ drive
v0x100864a20_0 .net "D", 0 0, o0xb46820100;  0 drivers
v0x100870480_0 .var "Q", 0 0;
E_0xb47002980 .event posedge, v0x10086dd10_0;
S_0x10085e8c0 .scope module, "NAND" "NAND" 2 13;
 .timescale 0 0;
    .port_info 0 /INPUT 1 "A";
    .port_info 1 /INPUT 1 "B";
    .port_info 2 /OUTPUT 1 "Y";
o0xb468201f0 .functor BUFZ 1, c4<z>; HiZ drive
o0xb46820220 .functor BUFZ 1, c4<z>; HiZ drive
L_0x100870520 .functor AND 1, o0xb468201f0, o0xb46820220, C4<1>, C4<1>;
L_0x100864ac0 .functor NOT 1, L_0x100870520, C4<0>, C4<0>, C4<0>;
v0x100868650_0 .net "A", 0 0, o0xb468201f0;  0 drivers
v0x1008686f0_0 .net "B", 0 0, o0xb46820220;  0 drivers
v0x100868790_0 .net "Y", 0 0, L_0x100864ac0;  1 drivers
v0x100868830_0 .net *"_ivl_0", 0 0, L_0x100870520;  1 drivers
S_0x10085ea40 .scope module, "NOR" "NOR" 2 19;
 .timescale 0 0;
    .port_info 0 /INPUT 1 "A";
    .port_info 1 /INPUT 1 "B";
    .port_info 2 /OUTPUT 1 "Y";
o0xb46820340 .functor BUFZ 1, c4<z>; HiZ drive
o0xb46820370 .functor BUFZ 1, c4<z>; HiZ drive
L_0x10086ddb0 .functor OR 1, o0xb46820340, o0xb46820370, C4<0>, C4<0>;
L_0x10086e240 .functor NOT 1, L_0x10086ddb0, C4<0>, C4<0>, C4<0>;
v0x1008688d0_0 .net "A", 0 0, o0xb46820340;  0 drivers
v0xb47050000_0 .net "B", 0 0, o0xb46820370;  0 drivers
v0xb470500a0_0 .net "Y", 0 0, L_0x10086e240;  1 drivers
v0xb47050140_0 .net *"_ivl_0", 0 0, L_0x10086ddb0;  1 drivers
S_0x100864500 .scope module, "NOT" "NOT" 2 7;
 .timescale 0 0;
    .port_info 0 /INPUT 1 "A";
    .port_info 1 /OUTPUT 1 "Y";
o0xb46820490 .functor BUFZ 1, c4<z>; HiZ drive
L_0x10086e600 .functor NOT 1, o0xb46820490, C4<0>, C4<0>, C4<0>;
v0xb470501e0_0 .net "A", 0 0, o0xb46820490;  0 drivers
v0xb47050280_0 .net "Y", 0 0, L_0x10086e600;  1 drivers
S_0x100864680 .scope module, "cpu_tb" "cpu_tb" 3 7;
 .timescale 0 0;
v0xb470523a0_0 .net "ab_select", 0 0, L_0x100867c40;  1 drivers
v0xb47052440_0 .net "clock", 0 0, v0xb47052260_0;  1 drivers
v0xb470524e0_0 .net "data", 12 0, v0xb47051e00_0;  1 drivers
v0xb47052580_0 .net "equal", 0 0, v0xb470505a0_0;  1 drivers
v0xb47052620_0 .net "mem_addr", 11 0, v0xb470506e0_0;  1 drivers
v0xb470526c0_0 .net "mem_control", 0 0, v0xb47050820_0;  1 drivers
v0xb47052760_0 .net "mem_data_in", 7 0, v0xb470519a0_0;  1 drivers
v0xb47052800_0 .net "mem_data_out", 7 0, v0xb47050a00_0;  1 drivers
v0xb470528a0_0 .net "op_addr", 7 0, L_0x100867ce0;  1 drivers
v0xb47052940_0 .net "opcode", 3 0, L_0x100867480;  1 drivers
v0xb470529e0_0 .net "prog_addr", 11 0, v0xb47050e60_0;  1 drivers
v0xb47052a80_0 .net "request_ram", 0 0, v0xb47051360_0;  1 drivers
v0xb47052b20_0 .net "request_rom", 0 0, v0xb470514a0_0;  1 drivers
v0xb47052bc0_0 .net "reset", 0 0, v0xb47052300_0;  1 drivers
S_0x100866de0 .scope module, "u_cpu" "cpu" 3 54, 4 1 0, S_0x100864680;
 .timescale 0 0;
    .port_info 0 /INPUT 1 "clock";
    .port_info 1 /INPUT 1 "reset";
    .port_info 2 /INPUT 4 "opcode";
    .port_info 3 /INPUT 1 "ab_select";
    .port_info 4 /INPUT 8 "op_addr";
    .port_info 5 /INPUT 8 "mem_data_in";
    .port_info 6 /OUTPUT 12 "prog_addr";
    .port_info 7 /OUTPUT 1 "mem_control";
    .port_info 8 /OUTPUT 12 "mem_addr";
    .port_info 9 /OUTPUT 1 "equal";
    .port_info 10 /OUTPUT 8 "mem_data_out";
    .port_info 11 /OUTPUT 1 "request_rom";
    .port_info 12 /OUTPUT 1 "request_ram";
P_0x1008707a0 .param/l "End" 1 4 32, C4<0111>;
P_0x1008707e0 .param/l "Instruction" 1 4 29, C4<0100>;
P_0x100870820 .param/l "add" 1 4 38, C4<1001>;
P_0x100870860 .param/l "and_" 1 4 40, C4<0010>;
P_0x1008708a0 .param/l "equal_operation" 1 4 42, C4<0101>;
P_0x1008708e0 .param/l "load" 1 4 37, C4<0011>;
P_0x100870920 .param/l "load_register" 1 4 31, C4<0110>;
P_0x100870960 .param/l "logic_operation" 1 4 28, C4<0011>;
P_0x1008709a0 .param/l "or_" 1 4 41, C4<0001>;
P_0x1008709e0 .param/l "read_ROM" 1 4 27, C4<0010>;
P_0x100870a20 .param/l "send_ROM" 1 4 25, C4<0000>;
P_0x100870a60 .param/l "store" 1 4 36, C4<0100>;
P_0x100870aa0 .param/l "sub" 1 4 39, C4<1010>;
P_0x100870ae0 .param/l "wait_RAM" 1 4 30, C4<0101>;
P_0x100870b20 .param/l "wait_ROM" 1 4 26, C4<0001>;
v0xb47050320_0 .var "A", 7 0;
v0xb470503c0_0 .var "B", 7 0;
v0xb47050460_0 .net "ab_select", 0 0, L_0x100867c40;  alias, 1 drivers
v0xb47050500_0 .net "clock", 0 0, v0xb47052260_0;  alias, 1 drivers
v0xb470505a0_0 .var "equal", 0 0;
v0xb47050640_0 .var "equal_next", 0 0;
v0xb470506e0_0 .var "mem_addr", 11 0;
v0xb47050780_0 .var "mem_addr_next", 11 0;
v0xb47050820_0 .var "mem_control", 0 0;
v0xb470508c0_0 .var "mem_control_next", 0 0;
v0xb47050960_0 .net "mem_data_in", 7 0, v0xb470519a0_0;  alias, 1 drivers
v0xb47050a00_0 .var "mem_data_out", 7 0;
v0xb47050aa0_0 .var "mem_data_out_next", 7 0;
v0xb47050b40_0 .var "next_A", 7 0;
v0xb47050be0_0 .var "next_B", 7 0;
v0xb47050c80_0 .var "next_state", 3 0;
v0xb47050d20_0 .net "op_addr", 7 0, L_0x100867ce0;  alias, 1 drivers
v0xb47050dc0_0 .net "opcode", 3 0, L_0x100867480;  alias, 1 drivers
v0xb47050e60_0 .var "prog_addr", 11 0;
v0xb47050f00_0 .var "prog_addr_next", 11 0;
v0xb47050fa0_0 .var "reg_ab_select", 0 0;
v0xb47051040_0 .var "reg_ab_select_next", 0 0;
v0xb470510e0_0 .var "reg_op_addr", 7 0;
v0xb47051180_0 .var "reg_op_addr_next", 7 0;
v0xb47051220_0 .var "reg_opcode", 3 0;
v0xb470512c0_0 .var "reg_opcode_next", 3 0;
v0xb47051360_0 .var "request_ram", 0 0;
v0xb47051400_0 .var "request_ram_next", 0 0;
v0xb470514a0_0 .var "request_rom", 0 0;
v0xb47051540_0 .var "request_rom_next", 0 0;
v0xb470515e0_0 .net "reset", 0 0, v0xb47052300_0;  alias, 1 drivers
v0xb47051680_0 .var "state", 3 0;
E_0xb47002d80/0 .event anyedge, v0xb47051680_0, v0xb47050320_0, v0xb470503c0_0, v0xb47050820_0;
E_0xb47002d80/1 .event anyedge, v0xb470506e0_0, v0xb47050a00_0, v0xb47051220_0, v0xb47050fa0_0;
E_0xb47002d80/2 .event anyedge, v0xb470510e0_0, v0xb470505a0_0, v0xb47050e60_0, v0xb47050dc0_0;
E_0xb47002d80/3 .event anyedge, v0xb47050460_0, v0xb47050d20_0, v0xb47050960_0;
E_0xb47002d80 .event/or E_0xb47002d80/0, E_0xb47002d80/1, E_0xb47002d80/2, E_0xb47002d80/3;
E_0xb47002dc0 .event posedge, v0xb47050500_0;
S_0x100867760 .scope module, "u_ram" "ram" 3 43, 5 1 0, S_0x100864680;
 .timescale 0 0;
    .port_info 0 /INPUT 1 "clock";
    .port_info 1 /INPUT 1 "reset";
    .port_info 2 /INPUT 1 "request_ram";
    .port_info 3 /INPUT 1 "mem_control";
    .port_info 4 /INPUT 12 "mem_addr";
    .port_info 5 /INPUT 8 "mem_data_out";
    .port_info 6 /OUTPUT 8 "mem_data_in";
P_0xb46c74f00 .param/l "read" 1 5 15, +C4<00000000000000000000000000000001>;
P_0xb46c74f40 .param/l "write" 1 5 14, +C4<00000000000000000000000000000000>;
v0xb47051720_0 .net "clock", 0 0, v0xb47052260_0;  alias, 1 drivers
v0xb470517c0_0 .var/i "i", 31 0;
v0xb47051860_0 .net "mem_addr", 11 0, v0xb470506e0_0;  alias, 1 drivers
v0xb47051900_0 .net "mem_control", 0 0, v0xb47050820_0;  alias, 1 drivers
v0xb470519a0_0 .var "mem_data_in", 7 0;
v0xb47051a40_0 .net "mem_data_out", 7 0, v0xb47050a00_0;  alias, 1 drivers
v0xb47051ae0 .array "memory", 31 0, 7 0;
v0xb47051b80_0 .net "request_ram", 0 0, v0xb47051360_0;  alias, 1 drivers
v0xb47051c20_0 .net "reset", 0 0, v0xb47052300_0;  alias, 1 drivers
S_0x100867200 .scope module, "u_rom" "rom" 3 31, 6 1 0, S_0x100864680;
 .timescale 0 0;
    .port_info 0 /INPUT 1 "clock";
    .port_info 1 /INPUT 1 "reset";
    .port_info 2 /INPUT 1 "request_rom";
    .port_info 3 /INPUT 12 "prog_addr";
    .port_info 4 /OUTPUT 13 "data";
    .port_info 5 /OUTPUT 4 "opcode";
    .port_info 6 /OUTPUT 1 "ab_select";
    .port_info 7 /OUTPUT 8 "op_addr";
v0xb47051cc0_0 .net "ab_select", 0 0, L_0x100867c40;  alias, 1 drivers
v0xb47051d60_0 .net "clock", 0 0, v0xb47052260_0;  alias, 1 drivers
v0xb47051e00_0 .var "data", 12 0;
v0xb47051ea0_0 .net "op_addr", 7 0, L_0x100867ce0;  alias, 1 drivers
v0xb47051f40_0 .net "opcode", 3 0, L_0x100867480;  alias, 1 drivers
v0xb47051fe0_0 .net "prog_addr", 11 0, v0xb47050e60_0;  alias, 1 drivers
v0xb47052080_0 .net "request_rom", 0 0, v0xb470514a0_0;  alias, 1 drivers
v0xb47052120_0 .net "reset", 0 0, v0xb47052300_0;  alias, 1 drivers
v0xb470521c0 .array "rom_memory", 9 0, 12 0;
L_0x100867480 .part v0xb47051e00_0, 9, 4;
L_0x100867c40 .part v0xb47051e00_0, 8, 1;
L_0x100867ce0 .part v0xb47051e00_0, 0, 8;
S_0x100867ac0 .scope module, "u_tester" "tester" 3 71, 7 1 0, S_0x100864680;
 .timescale 0 0;
    .port_info 0 /OUTPUT 1 "clock";
    .port_info 1 /OUTPUT 1 "reset";
v0xb47052260_0 .var "clock", 0 0;
v0xb47052300_0 .var "reset", 0 0;
    .scope S_0x100868120;
T_0 ;
    %wait E_0xb47002980;
    %load/vec4 v0x100864a20_0;
    %assign/vec4 v0x100870480_0, 0;
    %jmp T_0;
    .thread T_0;
    .scope S_0x100867200;
T_1 ;
    %pushi/vec4 1541, 0, 13;
    %ix/load 4, 0, 0;
    %flag_set/imm 4, 0;
    %store/vec4a v0xb470521c0, 4, 0;
    %pushi/vec4 1802, 0, 13;
    %ix/load 4, 1, 0;
    %flag_set/imm 4, 0;
    %store/vec4a v0xb470521c0, 4, 0;
    %pushi/vec4 4864, 0, 13;
    %ix/load 4, 2, 0;
    %flag_set/imm 4, 0;
    %store/vec4a v0xb470521c0, 4, 0;
    %pushi/vec4 2063, 0, 13;
    %ix/load 4, 3, 0;
    %flag_set/imm 4, 0;
    %store/vec4a v0xb470521c0, 4, 0;
    %pushi/vec4 2324, 0, 13;
    %ix/load 4, 4, 0;
    %flag_set/imm 4, 0;
    %store/vec4a v0xb470521c0, 4, 0;
    %pushi/vec4 1556, 0, 13;
    %ix/load 4, 5, 0;
    %flag_set/imm 4, 0;
    %store/vec4a v0xb470521c0, 4, 0;
    %pushi/vec4 1817, 0, 13;
    %ix/load 4, 6, 0;
    %flag_set/imm 4, 0;
    %store/vec4a v0xb470521c0, 4, 0;
    %pushi/vec4 2560, 0, 13;
    %ix/load 4, 7, 0;
    %flag_set/imm 4, 0;
    %store/vec4a v0xb470521c0, 4, 0;
    %pushi/vec4 0, 0, 13;
    %ix/load 4, 8, 0;
    %flag_set/imm 4, 0;
    %store/vec4a v0xb470521c0, 4, 0;
    %pushi/vec4 0, 0, 13;
    %ix/load 4, 9, 0;
    %flag_set/imm 4, 0;
    %store/vec4a v0xb470521c0, 4, 0;
    %end;
    .thread T_1;
    .scope S_0x100867200;
T_2 ;
    %wait E_0xb47002dc0;
    %load/vec4 v0xb47052080_0;
    %flag_set/vec4 9;
    %flag_get/vec4 9;
    %jmp/0 T_2.2, 9;
    %load/vec4 v0xb47052120_0;
    %and;
T_2.2;
    %flag_set/vec4 8;
    %jmp/0xz  T_2.0, 8;
    %load/vec4 v0xb47051fe0_0;
    %pad/u 32;
    %cmpi/u 9, 0, 32;
    %flag_or 5, 4;
    %jmp/0xz  T_2.3, 5;
    %ix/getv 4, v0xb47051fe0_0;
    %load/vec4a v0xb470521c0, 4;
    %assign/vec4 v0xb47051e00_0, 0;
    %jmp T_2.4;
T_2.3 ;
    %pushi/vec4 0, 0, 13;
    %assign/vec4 v0xb47051e00_0, 0;
T_2.4 ;
    %jmp T_2.1;
T_2.0 ;
    %pushi/vec4 0, 0, 13;
    %assign/vec4 v0xb47051e00_0, 0;
T_2.1 ;
    %jmp T_2;
    .thread T_2;
    .scope S_0x100867760;
T_3 ;
    %pushi/vec4 0, 0, 32;
    %store/vec4 v0xb470517c0_0, 0, 32;
T_3.0 ; Top of for-loop
    %load/vec4 v0xb470517c0_0;
    %cmpi/s 32, 0, 32;
	  %jmp/0xz T_3.1, 5;
    %pushi/vec4 0, 0, 8;
    %ix/getv/s 4, v0xb470517c0_0;
    %store/vec4a v0xb47051ae0, 4, 0;
T_3.2 ; for-loop step statement
    %load/vec4 v0xb470517c0_0;
    %addi 1, 0, 32;
    %store/vec4 v0xb470517c0_0, 0, 32;
    %jmp T_3.0;
T_3.1 ; for-loop exit label
    %pushi/vec4 7, 0, 8;
    %ix/load 4, 0, 0;
    %flag_set/imm 4, 0;
    %store/vec4a v0xb47051ae0, 4, 0;
    %pushi/vec4 6, 0, 8;
    %ix/load 4, 1, 0;
    %flag_set/imm 4, 0;
    %store/vec4a v0xb47051ae0, 4, 0;
    %pushi/vec4 4, 0, 8;
    %ix/load 4, 2, 0;
    %flag_set/imm 4, 0;
    %store/vec4a v0xb47051ae0, 4, 0;
    %pushi/vec4 5, 0, 8;
    %ix/load 4, 3, 0;
    %flag_set/imm 4, 0;
    %store/vec4a v0xb47051ae0, 4, 0;
    %pushi/vec4 0, 0, 8;
    %ix/load 4, 5, 0;
    %flag_set/imm 4, 0;
    %store/vec4a v0xb47051ae0, 4, 0;
    %pushi/vec4 3, 0, 8;
    %ix/load 4, 6, 0;
    %flag_set/imm 4, 0;
    %store/vec4a v0xb47051ae0, 4, 0;
    %pushi/vec4 8, 0, 8;
    %ix/load 4, 10, 0;
    %flag_set/imm 4, 0;
    %store/vec4a v0xb47051ae0, 4, 0;
    %pushi/vec4 2, 0, 8;
    %ix/load 4, 15, 0;
    %flag_set/imm 4, 0;
    %store/vec4a v0xb47051ae0, 4, 0;
    %pushi/vec4 9, 0, 8;
    %ix/load 4, 20, 0;
    %flag_set/imm 4, 0;
    %store/vec4a v0xb47051ae0, 4, 0;
    %pushi/vec4 0, 0, 8;
    %ix/load 4, 25, 0;
    %flag_set/imm 4, 0;
    %store/vec4a v0xb47051ae0, 4, 0;
    %end;
    .thread T_3;
    .scope S_0x100867760;
T_4 ;
    %wait E_0xb47002dc0;
    %load/vec4 v0xb47051b80_0;
    %flag_set/vec4 9;
    %flag_get/vec4 9;
    %jmp/0 T_4.2, 9;
    %load/vec4 v0xb47051c20_0;
    %and;
T_4.2;
    %flag_set/vec4 8;
    %jmp/0xz  T_4.0, 8;
    %load/vec4 v0xb47051900_0;
    %pad/u 32;
    %cmpi/e 1, 0, 32;
    %jmp/0xz  T_4.3, 4;
    %ix/getv 4, v0xb47051860_0;
    %load/vec4a v0xb47051ae0, 4;
    %assign/vec4 v0xb470519a0_0, 0;
    %jmp T_4.4;
T_4.3 ;
    %load/vec4 v0xb47051900_0;
    %pad/u 32;
    %cmpi/e 0, 0, 32;
    %jmp/0xz  T_4.5, 4;
    %load/vec4 v0xb47051a40_0;
    %ix/getv 3, v0xb47051860_0;
    %ix/load 4, 0, 0; Constant delay
    %assign/vec4/a/d v0xb47051ae0, 0, 4;
    %pushi/vec4 0, 0, 8;
    %assign/vec4 v0xb470519a0_0, 0;
    %jmp T_4.6;
T_4.5 ;
    %pushi/vec4 0, 0, 8;
    %assign/vec4 v0xb470519a0_0, 0;
T_4.6 ;
T_4.4 ;
    %jmp T_4.1;
T_4.0 ;
    %pushi/vec4 0, 0, 8;
    %assign/vec4 v0xb470519a0_0, 0;
T_4.1 ;
    %jmp T_4;
    .thread T_4;
    .scope S_0x100866de0;
T_5 ;
    %wait E_0xb47002dc0;
    %load/vec4 v0xb470515e0_0;
    %nor/r;
    %flag_set/vec4 8;
    %jmp/0xz  T_5.0, 8;
    %pushi/vec4 0, 0, 4;
    %assign/vec4 v0xb47051680_0, 0;
    %pushi/vec4 0, 0, 12;
    %assign/vec4 v0xb47050e60_0, 0;
    %pushi/vec4 0, 0, 1;
    %assign/vec4 v0xb47050820_0, 0;
    %pushi/vec4 0, 0, 12;
    %assign/vec4 v0xb470506e0_0, 0;
    %pushi/vec4 0, 0, 8;
    %assign/vec4 v0xb47050a00_0, 0;
    %pushi/vec4 0, 0, 1;
    %assign/vec4 v0xb470505a0_0, 0;
    %pushi/vec4 0, 0, 8;
    %assign/vec4 v0xb47050320_0, 0;
    %pushi/vec4 0, 0, 8;
    %assign/vec4 v0xb470503c0_0, 0;
    %pushi/vec4 0, 0, 1;
    %assign/vec4 v0xb470514a0_0, 0;
    %pushi/vec4 0, 0, 1;
    %assign/vec4 v0xb47051360_0, 0;
    %pushi/vec4 0, 0, 4;
    %assign/vec4 v0xb47051220_0, 0;
    %pushi/vec4 0, 0, 1;
    %assign/vec4 v0xb47050fa0_0, 0;
    %pushi/vec4 0, 0, 8;
    %assign/vec4 v0xb470510e0_0, 0;
    %jmp T_5.1;
T_5.0 ;
    %load/vec4 v0xb47050c80_0;
    %assign/vec4 v0xb47051680_0, 0;
    %load/vec4 v0xb470508c0_0;
    %assign/vec4 v0xb47050820_0, 0;
    %load/vec4 v0xb47050780_0;
    %assign/vec4 v0xb470506e0_0, 0;
    %load/vec4 v0xb47050aa0_0;
    %assign/vec4 v0xb47050a00_0, 0;
    %load/vec4 v0xb47050640_0;
    %assign/vec4 v0xb470505a0_0, 0;
    %load/vec4 v0xb47050b40_0;
    %assign/vec4 v0xb47050320_0, 0;
    %load/vec4 v0xb47050be0_0;
    %assign/vec4 v0xb470503c0_0, 0;
    %load/vec4 v0xb47051540_0;
    %assign/vec4 v0xb470514a0_0, 0;
    %load/vec4 v0xb47051400_0;
    %assign/vec4 v0xb47051360_0, 0;
    %load/vec4 v0xb470512c0_0;
    %assign/vec4 v0xb47051220_0, 0;
    %load/vec4 v0xb47051040_0;
    %assign/vec4 v0xb47050fa0_0, 0;
    %load/vec4 v0xb47051180_0;
    %assign/vec4 v0xb470510e0_0, 0;
    %load/vec4 v0xb47050f00_0;
    %assign/vec4 v0xb47050e60_0, 0;
T_5.1 ;
    %jmp T_5;
    .thread T_5;
    .scope S_0x100866de0;
T_6 ;
    %wait E_0xb47002d80;
    %load/vec4 v0xb47051680_0;
    %store/vec4 v0xb47050c80_0, 0, 4;
    %load/vec4 v0xb47050320_0;
    %store/vec4 v0xb47050b40_0, 0, 8;
    %load/vec4 v0xb470503c0_0;
    %store/vec4 v0xb47050be0_0, 0, 8;
    %load/vec4 v0xb47050820_0;
    %store/vec4 v0xb470508c0_0, 0, 1;
    %load/vec4 v0xb470506e0_0;
    %store/vec4 v0xb47050780_0, 0, 12;
    %load/vec4 v0xb47050a00_0;
    %store/vec4 v0xb47050aa0_0, 0, 8;
    %pushi/vec4 0, 0, 1;
    %store/vec4 v0xb47051540_0, 0, 1;
    %pushi/vec4 0, 0, 1;
    %store/vec4 v0xb47051400_0, 0, 1;
    %load/vec4 v0xb47051220_0;
    %store/vec4 v0xb470512c0_0, 0, 4;
    %load/vec4 v0xb47050fa0_0;
    %store/vec4 v0xb47051040_0, 0, 1;
    %load/vec4 v0xb470510e0_0;
    %store/vec4 v0xb47051180_0, 0, 8;
    %load/vec4 v0xb470505a0_0;
    %store/vec4 v0xb47050640_0, 0, 1;
    %load/vec4 v0xb47050e60_0;
    %store/vec4 v0xb47050f00_0, 0, 12;
    %load/vec4 v0xb47051680_0;
    %dup/vec4;
    %pushi/vec4 0, 0, 4;
    %cmp/u;
    %jmp/1 T_6.0, 6;
    %dup/vec4;
    %pushi/vec4 1, 0, 4;
    %cmp/u;
    %jmp/1 T_6.1, 6;
    %dup/vec4;
    %pushi/vec4 2, 0, 4;
    %cmp/u;
    %jmp/1 T_6.2, 6;
    %dup/vec4;
    %pushi/vec4 3, 0, 4;
    %cmp/u;
    %jmp/1 T_6.3, 6;
    %dup/vec4;
    %pushi/vec4 4, 0, 4;
    %cmp/u;
    %jmp/1 T_6.4, 6;
    %dup/vec4;
    %pushi/vec4 5, 0, 4;
    %cmp/u;
    %jmp/1 T_6.5, 6;
    %dup/vec4;
    %pushi/vec4 6, 0, 4;
    %cmp/u;
    %jmp/1 T_6.6, 6;
    %dup/vec4;
    %pushi/vec4 7, 0, 4;
    %cmp/u;
    %jmp/1 T_6.7, 6;
    %pushi/vec4 0, 0, 4;
    %store/vec4 v0xb47050c80_0, 0, 4;
    %jmp T_6.9;
T_6.0 ;
    %pushi/vec4 1, 0, 1;
    %store/vec4 v0xb47051540_0, 0, 1;
    %pushi/vec4 1, 0, 4;
    %store/vec4 v0xb47050c80_0, 0, 4;
    %jmp T_6.9;
T_6.1 ;
    %pushi/vec4 1, 0, 1;
    %store/vec4 v0xb47051540_0, 0, 1;
    %pushi/vec4 2, 0, 4;
    %store/vec4 v0xb47050c80_0, 0, 4;
    %jmp T_6.9;
T_6.2 ;
    %load/vec4 v0xb47050dc0_0;
    %store/vec4 v0xb470512c0_0, 0, 4;
    %load/vec4 v0xb47050460_0;
    %store/vec4 v0xb47051040_0, 0, 1;
    %load/vec4 v0xb47050d20_0;
    %store/vec4 v0xb47051180_0, 0, 8;
    %load/vec4 v0xb47050e60_0;
    %addi 1, 0, 12;
    %store/vec4 v0xb47050f00_0, 0, 12;
    %load/vec4 v0xb47050dc0_0;
    %dup/vec4;
    %pushi/vec4 3, 0, 4;
    %cmp/u;
    %jmp/1 T_6.10, 6;
    %dup/vec4;
    %pushi/vec4 4, 0, 4;
    %cmp/u;
    %jmp/1 T_6.11, 6;
    %pushi/vec4 3, 0, 4;
    %store/vec4 v0xb47050c80_0, 0, 4;
    %jmp T_6.13;
T_6.10 ;
    %pushi/vec4 4, 0, 4;
    %store/vec4 v0xb47050c80_0, 0, 4;
    %jmp T_6.13;
T_6.11 ;
    %pushi/vec4 4, 0, 4;
    %store/vec4 v0xb47050c80_0, 0, 4;
    %jmp T_6.13;
T_6.13 ;
    %pop/vec4 1;
    %jmp T_6.9;
T_6.3 ;
    %load/vec4 v0xb47051220_0;
    %dup/vec4;
    %pushi/vec4 9, 0, 4;
    %cmp/u;
    %jmp/1 T_6.14, 6;
    %dup/vec4;
    %pushi/vec4 10, 0, 4;
    %cmp/u;
    %jmp/1 T_6.15, 6;
    %dup/vec4;
    %pushi/vec4 2, 0, 4;
    %cmp/u;
    %jmp/1 T_6.16, 6;
    %dup/vec4;
    %pushi/vec4 1, 0, 4;
    %cmp/u;
    %jmp/1 T_6.17, 6;
    %dup/vec4;
    %pushi/vec4 5, 0, 4;
    %cmp/u;
    %jmp/1 T_6.18, 6;
    %pushi/vec4 0, 0, 4;
    %store/vec4 v0xb47050c80_0, 0, 4;
    %jmp T_6.20;
T_6.14 ;
    %load/vec4 v0xb47050fa0_0;
    %flag_set/vec4 8;
    %jmp/0xz  T_6.21, 8;
    %load/vec4 v0xb47050320_0;
    %load/vec4 v0xb470503c0_0;
    %add;
    %store/vec4 v0xb47050b40_0, 0, 8;
    %jmp T_6.22;
T_6.21 ;
    %load/vec4 v0xb47050320_0;
    %load/vec4 v0xb470503c0_0;
    %add;
    %store/vec4 v0xb47050be0_0, 0, 8;
T_6.22 ;
    %pushi/vec4 0, 0, 4;
    %store/vec4 v0xb47050c80_0, 0, 4;
    %jmp T_6.20;
T_6.15 ;
    %load/vec4 v0xb47050fa0_0;
    %flag_set/vec4 8;
    %jmp/0xz  T_6.23, 8;
    %load/vec4 v0xb47050320_0;
    %load/vec4 v0xb470503c0_0;
    %sub;
    %store/vec4 v0xb47050b40_0, 0, 8;
    %jmp T_6.24;
T_6.23 ;
    %load/vec4 v0xb47050320_0;
    %load/vec4 v0xb470503c0_0;
    %sub;
    %store/vec4 v0xb47050be0_0, 0, 8;
T_6.24 ;
    %pushi/vec4 0, 0, 4;
    %store/vec4 v0xb47050c80_0, 0, 4;
    %jmp T_6.20;
T_6.16 ;
    %load/vec4 v0xb47050fa0_0;
    %flag_set/vec4 8;
    %jmp/0xz  T_6.25, 8;
    %load/vec4 v0xb47050320_0;
    %load/vec4 v0xb470503c0_0;
    %and;
    %store/vec4 v0xb47050b40_0, 0, 8;
    %jmp T_6.26;
T_6.25 ;
    %load/vec4 v0xb47050320_0;
    %load/vec4 v0xb470503c0_0;
    %and;
    %store/vec4 v0xb47050be0_0, 0, 8;
T_6.26 ;
    %pushi/vec4 0, 0, 4;
    %store/vec4 v0xb47050c80_0, 0, 4;
    %jmp T_6.20;
T_6.17 ;
    %load/vec4 v0xb47050fa0_0;
    %flag_set/vec4 8;
    %jmp/0xz  T_6.27, 8;
    %load/vec4 v0xb47050320_0;
    %load/vec4 v0xb470503c0_0;
    %or;
    %store/vec4 v0xb47050b40_0, 0, 8;
    %jmp T_6.28;
T_6.27 ;
    %load/vec4 v0xb47050320_0;
    %load/vec4 v0xb470503c0_0;
    %or;
    %store/vec4 v0xb47050be0_0, 0, 8;
T_6.28 ;
    %pushi/vec4 0, 0, 4;
    %store/vec4 v0xb47050c80_0, 0, 4;
    %jmp T_6.20;
T_6.18 ;
    %load/vec4 v0xb47050320_0;
    %load/vec4 v0xb470503c0_0;
    %cmp/e;
    %flag_get/vec4 4;
    %store/vec4 v0xb47050640_0, 0, 1;
    %pushi/vec4 7, 0, 4;
    %store/vec4 v0xb47050c80_0, 0, 4;
    %jmp T_6.20;
T_6.20 ;
    %pop/vec4 1;
    %jmp T_6.9;
T_6.4 ;
    %pushi/vec4 1, 0, 1;
    %store/vec4 v0xb47051400_0, 0, 1;
    %pushi/vec4 0, 0, 4;
    %load/vec4 v0xb470510e0_0;
    %concat/vec4; draw_concat_vec4
    %store/vec4 v0xb47050780_0, 0, 12;
    %load/vec4 v0xb47051220_0;
    %cmpi/e 3, 0, 4;
    %jmp/0xz  T_6.29, 4;
    %pushi/vec4 1, 0, 1;
    %store/vec4 v0xb470508c0_0, 0, 1;
    %pushi/vec4 5, 0, 4;
    %store/vec4 v0xb47050c80_0, 0, 4;
    %jmp T_6.30;
T_6.29 ;
    %load/vec4 v0xb47051220_0;
    %cmpi/e 4, 0, 4;
    %jmp/0xz  T_6.31, 4;
    %pushi/vec4 0, 0, 1;
    %store/vec4 v0xb470508c0_0, 0, 1;
    %load/vec4 v0xb47050fa0_0;
    %flag_set/vec4 8;
    %jmp/0xz  T_6.33, 8;
    %load/vec4 v0xb470503c0_0;
    %store/vec4 v0xb47050aa0_0, 0, 8;
    %jmp T_6.34;
T_6.33 ;
    %load/vec4 v0xb47050320_0;
    %store/vec4 v0xb47050aa0_0, 0, 8;
T_6.34 ;
    %pushi/vec4 5, 0, 4;
    %store/vec4 v0xb47050c80_0, 0, 4;
T_6.31 ;
T_6.30 ;
    %jmp T_6.9;
T_6.5 ;
    %pushi/vec4 1, 0, 1;
    %store/vec4 v0xb47051400_0, 0, 1;
    %load/vec4 v0xb47050820_0;
    %store/vec4 v0xb470508c0_0, 0, 1;
    %load/vec4 v0xb470506e0_0;
    %store/vec4 v0xb47050780_0, 0, 12;
    %load/vec4 v0xb47051220_0;
    %cmpi/e 3, 0, 4;
    %jmp/0xz  T_6.35, 4;
    %pushi/vec4 6, 0, 4;
    %store/vec4 v0xb47050c80_0, 0, 4;
    %jmp T_6.36;
T_6.35 ;
    %load/vec4 v0xb47051220_0;
    %cmpi/e 4, 0, 4;
    %jmp/0xz  T_6.37, 4;
    %pushi/vec4 0, 0, 4;
    %store/vec4 v0xb47050c80_0, 0, 4;
T_6.37 ;
T_6.36 ;
    %jmp T_6.9;
T_6.6 ;
    %load/vec4 v0xb47050fa0_0;
    %flag_set/vec4 8;
    %jmp/0xz  T_6.39, 8;
    %load/vec4 v0xb47050960_0;
    %store/vec4 v0xb47050b40_0, 0, 8;
    %jmp T_6.40;
T_6.39 ;
    %load/vec4 v0xb47050960_0;
    %store/vec4 v0xb47050be0_0, 0, 8;
T_6.40 ;
    %pushi/vec4 0, 0, 4;
    %store/vec4 v0xb47050c80_0, 0, 4;
    %jmp T_6.9;
T_6.7 ;
    %pushi/vec4 7, 0, 4;
    %store/vec4 v0xb47050c80_0, 0, 4;
    %load/vec4 v0xb47050320_0;
    %load/vec4 v0xb470503c0_0;
    %cmp/e;
    %flag_get/vec4 4;
    %store/vec4 v0xb47050640_0, 0, 1;
    %pushi/vec4 0, 0, 1;
    %store/vec4 v0xb47051540_0, 0, 1;
    %pushi/vec4 0, 0, 1;
    %store/vec4 v0xb47051400_0, 0, 1;
    %jmp T_6.9;
T_6.9 ;
    %pop/vec4 1;
    %jmp T_6;
    .thread T_6, $push;
    .scope S_0x100867ac0;
T_7 ;
    %pushi/vec4 0, 0, 1;
    %store/vec4 v0xb47052260_0, 0, 1;
    %pushi/vec4 0, 0, 1;
    %store/vec4 v0xb47052300_0, 0, 1;
    %delay 10, 0;
    %pushi/vec4 1, 0, 1;
    %store/vec4 v0xb47052300_0, 0, 1;
    %delay 20, 0;
    %pushi/vec4 0, 0, 1;
    %store/vec4 v0xb47052300_0, 0, 1;
    %delay 10, 0;
    %pushi/vec4 1, 0, 1;
    %store/vec4 v0xb47052300_0, 0, 1;
    %delay 2000, 0;
    %vpi_call 7 20 "$finish" {0 0 0};
    %end;
    .thread T_7;
    .scope S_0x100867ac0;
T_8 ;
    %delay 10, 0;
    %load/vec4 v0xb47052260_0;
    %nor/r;
    %store/vec4 v0xb47052260_0, 0, 1;
    %jmp T_8;
    .thread T_8;
    .scope S_0x100864680;
T_9 ;
    %vpi_call 3 26 "$dumpfile", "resultados.vcd" {0 0 0};
    %vpi_call 3 27 "$dumpvars", 32'sb00000000000000000000000000000000, S_0x100864680 {0 0 0};
    %end;
    .thread T_9;
# The file index is used to find the file name in the following table.
:file_names 8;
    "N/A";
    "<interactive>";
    "./cmos_cells.v";
    "testbench.v";
    "./cpu.v";
    "./ram.v";
    "./rom.v";
    "./tester.v";
